<?xml version="1.0" encoding="UTF-8"?>
<testsuite xmlns:xsi="http://www.w3.org/2001/XMLSchema-instance" xsi:noNamespaceSchemaLocation="https://maven.apache.org/surefire/maven-surefire-plugin/xsd/surefire-test-report.xsd" version="3.0.2" name="com.tracker.expense_tracker.ExpenseTrackerApplicationTests" time="39.033" tests="1" errors="0" skipped="0" failures="0">
  <properties>
[...]
</properties>
  <testcase name="contextLoads" classname="com.tracker.expense_tracker.ExpenseTrackerApplicationTests" time="0.857">
    <system-out><![CDATA[12:56:47.595 [main] INFO org.springframework.test.context.support.AnnotationConfigContextLoaderUtils -- Could not detect default configuration classes for test class [com.tracker.expense_tracker.ExpenseTrackerApplicationTests]: ExpenseTrackerApplicationTests does not declare any static, non-private, non-final, nested classes annotated with @Configuration.
12:56:47.778 [main] INFO org.springframework.boot.test.context.SpringBootTestContextBootstrapper -- Found @SpringBootConfiguration com.tracker.expense_tracker.ExpenseTrackerApplication for test class com.tracker.expense_tracker.ExpenseTrackerApplicationTests
12:56:48.540 [main] INFO org.springframework.boot.devtools.restart.RestartApplicationListener -- Restart disabled due to context in which it is running

  .   ____          _            __ _ _
 /\\ / ___'_ __ _ _(_)_ __  __ _ \ \ \ \
( ( )\___ | '_ | '_| | '_ \/ _` | \ \ \ \
 \\/  ___)| |_)| | | | | || (_| |  ) ) ) )
  '  |____| .__|_| |_|_| |_\__, | / / / /
 =========|_|==============|___/=/_/_/_/

 :: Spring Boot ::                (v3.5.6)

2025-11-17T12:56:49.935+05:30  INFO 14776 --- [expense-tracker] [           main] c.t.e.ExpenseTrackerApplicationTests     : Starting ExpenseTrackerApplicationTests using Java 17.0.15 with PID 14776 (started by OUL1COB in C:\Users\oul1cob\Expense-tracker\Expense-Tracker)
2025-11-17T12:56:49.937+05:30  INFO 14776 --- [expense-tracker] [           main] c.t.e.ExpenseTrackerApplicationTests     : No active profile set, falling back to 1 default profile: "default"
2025-11-17T12:56:54.588+05:30 DEBUG 14776 --- [expense-tracker] [           main] o.s.c.openfeign.FeignClientsRegistrar$1  : Identified candidate component class: file [C:\Users\oul1cob\Expense-tracker\Expense-Tracker\target\classes\com\tracker\expense_tracker\model\CategoryClient.class]
2025-11-17T12:56:56.333+05:30  INFO 14776 --- [expense-tracker] [           main] .s.d.r.c.RepositoryConfigurationDelegate : Bootstrapping Spring Data JPA repositories in DEFAULT mode.
2025-11-17T12:56:56.659+05:30  INFO 14776 --- [expense-tracker] [           main] .s.d.r.c.RepositoryConfigurationDelegate : Finished Spring Data repository scanning in 293 ms. Found 1 JPA repository interface.
2025-11-17T12:56:58.065+05:30  INFO 14776 --- [expense-tracker] [           main] o.s.cloud.context.scope.GenericScope     : BeanFactory id=d4c6ddb4-d086-35fd-96ab-afd2c176890d
2025-11-17T12:57:02.184+05:30  INFO 14776 --- [expense-tracker] [           main] o.hibernate.jpa.internal.util.LogHelper  : HHH000204: Processing PersistenceUnitInfo [name: default]
2025-11-17T12:57:02.770+05:30  INFO 14776 --- [expense-tracker] [           main] org.hibernate.Version                    : HHH000412: Hibernate ORM core version 6.6.29.Final
2025-11-17T12:57:02.837+05:30  INFO 14776 --- [expense-tracker] [           main] o.h.c.internal.RegionFactoryInitiator    : HHH000026: Second-level cache disabled
2025-11-17T12:57:03.381+05:30  INFO 14776 --- [expense-tracker] [           main] o.s.o.j.p.SpringPersistenceUnitInfo      : No LoadTimeWeaver setup: ignoring JPA class transformer
2025-11-17T12:57:03.447+05:30  INFO 14776 --- [expense-tracker] [           main] com.zaxxer.hikari.HikariDataSource       : HikariPool-1 - Starting...
2025-11-17T12:57:03.785+05:30  INFO 14776 --- [expense-tracker] [           main] com.zaxxer.hikari.pool.HikariPool        : HikariPool-1 - Added connection org.postgresql.jdbc.PgConnection@3183a37c
2025-11-17T12:57:03.788+05:30  INFO 14776 --- [expense-tracker] [           main] com.zaxxer.hikari.HikariDataSource       : HikariPool-1 - Start completed.
2025-11-17T12:57:03.919+05:30  INFO 14776 --- [expense-tracker] [           main] org.hibernate.orm.connections.pooling    : HHH10001005: Database info:
	Database JDBC URL [Connecting through datasource 'HikariDataSource (HikariPool-1)']
	Database driver: undefined/unknown
	Database version: 17.5
	Autocommit mode: undefined/unknown
	Isolation level: undefined/unknown
	Minimum pool size: undefined/unknown
	Maximum pool size: undefined/unknown
2025-11-17T12:57:05.738+05:30  INFO 14776 --- [expense-tracker] [           main] o.h.e.t.j.p.i.JtaPlatformInitiator       : HHH000489: No JTA platform available (set 'hibernate.transaction.jta.platform' to enable JTA platform integration)
2025-11-17T12:57:05.823+05:30  INFO 14776 --- [expense-tracker] [           main] j.LocalContainerEntityManagerFactoryBean : Initialized JPA EntityManagerFactory for persistence unit 'default'
2025-11-17T12:57:05.997+05:30 DEBUG 14776 --- [expense-tracker] [           main] o.s.c.openfeign.FeignClientFactoryBean   : Creating a FeignClientFactoryBean.
2025-11-17T12:57:07.309+05:30  WARN 14776 --- [expense-tracker] [           main] JpaBaseConfiguration$JpaWebConfiguration : spring.jpa.open-in-view is enabled by default. Therefore, database queries may be performed during view rendering. Explicitly configure spring.jpa.open-in-view to disable this warning
2025-11-17T12:57:08.929+05:30  INFO 14776 --- [expense-tracker] [           main] o.s.c.openfeign.FeignClientFactoryBean   : For 'category-service' URL not provided. Will try picking an instance via load-balancing.
2025-11-17T12:57:11.781+05:30  INFO 14776 --- [expense-tracker] [           main] o.s.d.j.r.query.QueryEnhancerFactory     : Hibernate is in classpath; If applicable, HQL parser will be used.
2025-11-17T12:57:24.002+05:30  INFO 14776 --- [expense-tracker] [           main] DiscoveryClientOptionalArgsConfiguration : Eureka HTTP Client uses RestTemplate.
2025-11-17T12:57:24.235+05:30  INFO 14776 --- [expense-tracker] [           main] o.s.b.a.e.web.EndpointLinksResolver      : Exposing 4 endpoints beneath base path '/actuator'
2025-11-17T12:57:24.456+05:30  INFO 14776 --- [expense-tracker] [           main] o.s.c.n.eureka.InstanceInfoFactory       : Setting initial instance status as: STARTING
2025-11-17T12:57:24.513+05:30  INFO 14776 --- [expense-tracker] [           main] com.netflix.discovery.DiscoveryClient    : Initializing Eureka in region us-east-1
2025-11-17T12:57:24.519+05:30  INFO 14776 --- [expense-tracker] [           main] c.n.d.s.r.aws.ConfigClusterResolver      : Resolving eureka endpoints via configuration
2025-11-17T12:57:24.534+05:30  INFO 14776 --- [expense-tracker] [           main] com.netflix.discovery.DiscoveryClient    : Disable delta property : false
2025-11-17T12:57:24.534+05:30  INFO 14776 --- [expense-tracker] [           main] com.netflix.discovery.DiscoveryClient    : Single vip registry refresh property : null
2025-11-17T12:57:24.534+05:30  INFO 14776 --- [expense-tracker] [           main] com.netflix.discovery.DiscoveryClient    : Force full registry fetch : false
2025-11-17T12:57:24.534+05:30  INFO 14776 --- [expense-tracker] [           main] com.netflix.discovery.DiscoveryClient    : Application is null : false
2025-11-17T12:57:24.534+05:30  INFO 14776 --- [expense-tracker] [           main] com.netflix.discovery.DiscoveryClient    : Registered Applications size is zero : true
2025-11-17T12:57:24.535+05:30  INFO 14776 --- [expense-tracker] [           main] com.netflix.discovery.DiscoveryClient    : Application version is -1: true
2025-11-17T12:57:24.535+05:30  INFO 14776 --- [expense-tracker] [           main] com.netflix.discovery.DiscoveryClient    : Getting all instance registry info from the eureka server
2025-11-17T12:57:25.286+05:30  INFO 14776 --- [expense-tracker] [           main] com.netflix.discovery.DiscoveryClient    : The response status is 200
2025-11-17T12:57:25.289+05:30  INFO 14776 --- [expense-tracker] [           main] com.netflix.discovery.DiscoveryClient    : Starting heartbeat executor: renew interval is: 30
2025-11-17T12:57:25.292+05:30  INFO 14776 --- [expense-tracker] [           main] c.n.discovery.InstanceInfoReplicator     : InstanceInfoReplicator onDemand update allowed rate per min is 4
2025-11-17T12:57:25.294+05:30  INFO 14776 --- [expense-tracker] [           main] com.netflix.discovery.DiscoveryClient    : Discovery Client initialized at timestamp 1763364445293 with initial instances count: 3
2025-11-17T12:57:25.313+05:30  INFO 14776 --- [expense-tracker] [           main] o.s.c.n.e.s.EurekaServiceRegistry        : Registering application EXPENSE-TRACKER with eureka with status UP
2025-11-17T12:57:25.313+05:30  INFO 14776 --- [expense-tracker] [           main] com.netflix.discovery.DiscoveryClient    : Saw local status change event StatusChangeEvent [timestamp=1763364445313, current=UP, previous=STARTING]
2025-11-17T12:57:25.318+05:30  INFO 14776 --- [expense-tracker] [foReplicator-%d] com.netflix.discovery.DiscoveryClient    : DiscoveryClient_EXPENSE-TRACKER/COB-C-011D7.cob.apac.bosch.com:expense-tracker:8081: registering service...
2025-11-17T12:57:25.373+05:30  INFO 14776 --- [expense-tracker] [           main] c.t.e.ExpenseTrackerApplicationTests     : Started ExpenseTrackerApplicationTests in 36.862 seconds (process running for 38.887)
2025-11-17T12:57:25.459+05:30  INFO 14776 --- [expense-tracker] [foReplicator-%d] com.netflix.discovery.DiscoveryClient    : DiscoveryClient_EXPENSE-TRACKER/COB-C-011D7.cob.apac.bosch.com:expense-tracker:8081 - registration status: 204
runninglocal
]]></system-out>
  </testcase>
</testsuite>